0 info it worked if it ends with ok
1 verbose cli [ '/usr/local/bin/node', '/usr/local/bin/npm', 'publish' ]
2 info using npm@3.10.9
3 info using node@v4.4.2
4 verbose publish [ '.' ]
5 silly cache add args [ '.', null ]
6 verbose cache add spec .
7 silly cache add parsed spec Result {
7 silly cache add   raw: '.',
7 silly cache add   scope: null,
7 silly cache add   escapedName: null,
7 silly cache add   name: null,
7 silly cache add   rawSpec: '.',
7 silly cache add   spec: '/Users/yuchen/Projects/Generators/generator-ycs',
7 silly cache add   type: 'directory' }
8 verbose addLocalDirectory /Users/yuchen/.npm/generator-ycs/0.0.2/package.tgz not in flight; packing
9 verbose correctMkdir /Users/yuchen/.npm correctMkdir not in flight; initializing
10 info lifecycle generator-ycs@0.0.2~prepublish: generator-ycs@0.0.2
11 verbose lifecycle generator-ycs@0.0.2~prepublish: unsafe-perm in lifecycle true
12 verbose lifecycle generator-ycs@0.0.2~prepublish: PATH: /usr/local/lib/node_modules/npm/bin/node-gyp-bin:/Users/yuchen/Projects/Generators/generator-ycs/node_modules/.bin:/usr/local/heroku/bin:/usr/local/opt/android-sdk-macosx/tools:/usr/local/opt/android-sdk-macosx/platform-tools:/Library/Frameworks/Python.framework/Versions/3.4/bin:/usr/local/bin:/usr/bin:/bin:/usr/sbin:/sbin:/Library/TeX/texbin
13 verbose lifecycle generator-ycs@0.0.2~prepublish: CWD: /Users/yuchen/Projects/Generators/generator-ycs
14 silly lifecycle generator-ycs@0.0.2~prepublish: Args: [ '-c', 'gulp prepublish' ]
15 silly lifecycle generator-ycs@0.0.2~prepublish: Returned: code: 0  signal: null
16 verbose tar pack [ '/Users/yuchen/.npm/generator-ycs/0.0.2/package.tgz',
16 verbose tar pack   '/Users/yuchen/Projects/Generators/generator-ycs' ]
17 verbose tarball /Users/yuchen/.npm/generator-ycs/0.0.2/package.tgz
18 verbose folder /Users/yuchen/Projects/Generators/generator-ycs
19 verbose addLocalTarball adding from inside cache /Users/yuchen/.npm/generator-ycs/0.0.2/package.tgz
20 verbose correctMkdir /Users/yuchen/.npm correctMkdir not in flight; initializing
21 silly cache afterAdd generator-ycs@0.0.2
22 verbose afterAdd /Users/yuchen/.npm/generator-ycs/0.0.2/package/package.json not in flight; writing
23 verbose correctMkdir /Users/yuchen/.npm correctMkdir not in flight; initializing
24 verbose afterAdd /Users/yuchen/.npm/generator-ycs/0.0.2/package/package.json written
25 silly publish { name: 'generator-ycs',
25 silly publish   version: '0.0.2',
25 silly publish   description: 'An Express Restful API Server',
25 silly publish   homepage: 'https://github.com/kuyoonjo/generator-ycs#readme',
25 silly publish   author: { name: 'Yu Chen', email: 'yu.chen@live.ie' },
25 silly publish   files: [ 'generators' ],
25 silly publish   main: 'generators/index.js',
25 silly publish   keywords: [ 'yeoman-generator' ],
25 silly publish   dependencies:
25 silly publish    { chalk: '^1.0.0',
25 silly publish      lodash: '^4.16.2',
25 silly publish      pluralize: '^3.0.0',
25 silly publish      'yeoman-generator': '^0.23.0',
25 silly publish      yosay: '^1.0.0' },
25 silly publish   devDependencies:
25 silly publish    { 'yeoman-test': '^1.0.0',
25 silly publish      'yeoman-assert': '^2.0.0',
25 silly publish      eslint: '^3.1.1',
25 silly publish      'eslint-config-xo-space': '^0.14.0',
25 silly publish      gulp: '^3.9.0',
25 silly publish      'gulp-eslint': '^2.0.0',
25 silly publish      'gulp-exclude-gitignore': '^1.0.0',
25 silly publish      'gulp-line-ending-corrector': '^1.0.1',
25 silly publish      'gulp-istanbul': '^1.0.0',
25 silly publish      'gulp-mocha': '^2.0.0',
25 silly publish      'gulp-plumber': '^1.0.0',
25 silly publish      'gulp-nsp': '^2.1.0',
25 silly publish      'gulp-coveralls': '^0.1.0' },
25 silly publish   eslintConfig: { extends: 'xo-space', env: { mocha: true } },
25 silly publish   repository:
25 silly publish    { type: 'git',
25 silly publish      url: 'git+https://github.com/kuyoonjo/generator-ycs.git' },
25 silly publish   scripts: { prepublish: 'gulp prepublish', test: 'gulp' },
25 silly publish   license: 'MIT',
25 silly publish   readme: '# generator-ycs [![NPM version][npm-image]][npm-url] [![Build Status][travis-image]][travis-url] [![Dependency Status][daviddm-image]][daviddm-url] [![Coverage percentage][coveralls-image]][coveralls-url]\n> An Express Restful API Server\n\n## Dependencies\n\n- [MongoDB](https://www.mongodb.com)\n- [GraphicsMagick](http://www.graphicsmagick.org) *(optional)*\n\n## Installation\n\nFirst, install [Yeoman](http://yeoman.io) and generator-ycs using [npm](https://www.npmjs.com/) (we assume you have pre-installed [node.js](https://nodejs.org/)).\n\n```bash\nnpm install -g yo\nnpm install -g generator-ycs\n```\n\nThen generate your new project:\n\n```bash\nyo ycs [appName]\n```\n\n## Commands\n\n- [Initialize App](#initialize-app)\n- [Add API](#add-api)\n\n## Initialize App\n\n```bash\nyo ycs [appName]\n```\n\n## Add API\n\n```bash\nyo ycs:api [apiName] [endpoint=/xxx/xxx] [--file] [--image]\n```\n\n\n\n## Getting To Know Yeoman\n\n * Yeoman has a heart of gold.\n * Yeoman is a person with feelings and opinions, but is very easy to work with.\n * Yeoman can be too opinionated at times but is easily convinced not to be.\n * Feel free to [learn more about Yeoman](http://yeoman.io/).\n\n## License\n\nMIT © [Yu Chen]()\n\n\n[npm-image]: https://badge.fury.io/js/generator-ycs.svg\n[npm-url]: https://npmjs.org/package/generator-ycs\n[travis-image]: https://travis-ci.org/kuyoonjo/generator-ycs.svg?branch=master\n[travis-url]: https://travis-ci.org/kuyoonjo/generator-ycs\n[daviddm-image]: https://david-dm.org/kuyoonjo/generator-ycs.svg?theme=shields.io\n[daviddm-url]: https://david-dm.org/kuyoonjo/generator-ycs\n[coveralls-image]: https://coveralls.io/repos/kuyoonjo/generator-ycs/badge.svg\n[coveralls-url]: https://coveralls.io/r/kuyoonjo/generator-ycs\n',
25 silly publish   readmeFilename: 'README.md',
25 silly publish   gitHead: 'b636e374b721142f88bacb1252ea09b8501a69d8',
25 silly publish   bugs: { url: 'https://github.com/kuyoonjo/generator-ycs/issues' },
25 silly publish   _id: 'generator-ycs@0.0.2',
25 silly publish   _shasum: '351cd41a27f634ee2cf82201432fcbd8ab26b87c',
25 silly publish   _from: '.' }
26 verbose getPublishConfig undefined
27 silly mapToRegistry name generator-ycs
28 silly mapToRegistry using default registry
29 silly mapToRegistry registry https://registry.npmjs.org/
30 silly mapToRegistry data Result {
30 silly mapToRegistry   raw: 'generator-ycs',
30 silly mapToRegistry   scope: null,
30 silly mapToRegistry   escapedName: 'generator-ycs',
30 silly mapToRegistry   name: 'generator-ycs',
30 silly mapToRegistry   rawSpec: '',
30 silly mapToRegistry   spec: 'latest',
30 silly mapToRegistry   type: 'tag' }
31 silly mapToRegistry uri https://registry.npmjs.org/generator-ycs
32 verbose publish registryBase https://registry.npmjs.org/
33 silly publish uploading /Users/yuchen/.npm/generator-ycs/0.0.2/package.tgz
34 verbose request uri https://registry.npmjs.org/generator-ycs
35 verbose request sending authorization for write operation
36 info attempt registry request try #1 at 12:05:25 PM
37 verbose request using bearer token for auth
38 verbose request id c421c508b96fab2c
39 http request PUT https://registry.npmjs.org/generator-ycs
40 http 403 https://registry.npmjs.org/generator-ycs
41 verbose headers { 'content-type': 'application/json',
41 verbose headers   'cache-control': 'max-age=300',
41 verbose headers   'content-length': '95',
41 verbose headers   'accept-ranges': 'bytes',
41 verbose headers   date: 'Thu, 03 Nov 2016 04:05:27 GMT',
41 verbose headers   via: '1.1 varnish',
41 verbose headers   connection: 'keep-alive',
41 verbose headers   'x-served-by': 'cache-hkg6825-HKG',
41 verbose headers   'x-cache': 'MISS',
41 verbose headers   'x-cache-hits': '0',
41 verbose headers   'x-timer': 'S1478145926.993229,VS0,VE937',
41 verbose headers   vary: 'Accept-Encoding' }
42 verbose request invalidating /Users/yuchen/.npm/registry.npmjs.org/generator-ycs on PUT
43 error publish Failed PUT 403
44 verbose stack Error: "You cannot publish over the previously published version 0.0.2." : generator-ycs
44 verbose stack     at makeError (/usr/local/lib/node_modules/npm/node_modules/npm-registry-client/lib/request.js:302:12)
44 verbose stack     at CachingRegistryClient.<anonymous> (/usr/local/lib/node_modules/npm/node_modules/npm-registry-client/lib/request.js:290:14)
44 verbose stack     at Request._callback (/usr/local/lib/node_modules/npm/node_modules/npm-registry-client/lib/request.js:210:14)
44 verbose stack     at Request.self.callback (/usr/local/lib/node_modules/npm/node_modules/request/request.js:187:22)
44 verbose stack     at emitTwo (events.js:87:13)
44 verbose stack     at Request.emit (events.js:172:7)
44 verbose stack     at Request.<anonymous> (/usr/local/lib/node_modules/npm/node_modules/request/request.js:1048:10)
44 verbose stack     at emitOne (events.js:77:13)
44 verbose stack     at Request.emit (events.js:169:7)
44 verbose stack     at IncomingMessage.<anonymous> (/usr/local/lib/node_modules/npm/node_modules/request/request.js:969:12)
45 verbose statusCode 403
46 verbose pkgid generator-ycs
47 verbose cwd /Users/yuchen/Projects/Generators/generator-ycs
48 error Darwin 16.0.0
49 error argv "/usr/local/bin/node" "/usr/local/bin/npm" "publish"
50 error node v4.4.2
51 error npm  v3.10.9
52 error code E403
53 error "You cannot publish over the previously published version 0.0.2." : generator-ycs
54 error If you need help, you may report this error at:
54 error     <https://github.com/npm/npm/issues>
55 verbose exit [ 1, true ]
